
  [32m[1mVITE[22m v8.1.4[39m  [2mready in [0m[1m583[22m[2m[0m ms[22m

  [32m➜[39m  [1mLocal[22m:   [36mhttp://localhost:[1m5173[22m/[39m
[2m  [32m➜[39m  [1mNetwork[22m[2m: use [22m[1m--host[22m[2m to expose[22m
[2m11:15:52 a.m.[22m [33m[1m[vite][22m[39m [33m[2m(client)[22m[39m [2m[console.warn] [22mNo `HydrateFallback` element provided to render during initial hydration
[2m11:26:35 a.m.[22m [33m[1m[vite][22m[39m [33m[2m(client)[22m[39m [2m[console.warn] [22mNo `HydrateFallback` element provided to render during initial hydration
[2m11:26:35 a.m.[22m [33m[1m[vite][22m[39m [33m[2m(client)[22m[39m [2m[console.warn] [22mNo `HydrateFallback` element provided to render during initial hydration
[2m11:28:17 a.m.[22m [31m[1m[vite][22m[39m [31m[2m(client)[22m[39m [2m[console.error] [22mError handled by React Router default ErrorBoundary: {"status":404,"statusText":"Not Found","internal":true,"data":"Error: No route matches URL \"/interno/reportes\"","error":{"name":"Error","message":"No route matches URL \"/interno/reportes\"","stack":"Error: No route matches URL \"/interno/reportes\"\n    at getInternalRouterError (http://localhost:5173/node_modules/.vite/deps/react-router-dom.js?v=68b6f0be:3643:58)\n    at handleNavigational404 (http://localhost:5173/node_modules/.vite/deps/react-router-dom.js?v=68b6f0be:2188:15)\n    at startNavigation (http://localhost:5173/node_modules/.vite/deps/react-router-dom.js?v=68b6f0be:1508:44)\n    at Object.navigate (http://localhost:5173/node_modules/.vite/deps/react-router-dom.js?v=68b6f0be:1464:9)\n    at http://localhost:5173/node_modules/.vite/deps/react-router-dom.js?v=68b6f0be:4363:21\n    at doNavigate (http://localhost:5173/node_modules/.vite/deps/react-router-dom.js?v=68b6f0be:7465:27)\n    at http://localhost:5173/node_modules/.vite/deps/react-router-dom.js?v=68b6f0be:7475:9\n    at handleClick (http://localhost:5173/node_modules/.vite/deps/react-router-dom.js?v=68b6f0be:7313:32)\n    at executeDispatch (http://localhost:5173/node_modules/.vite/deps/react-dom_client.js?v=34f240d7:9141:5)\n    at runWithFiberInDEV (http://localhost:5173/node_modules/.vite/deps/react-dom_client.js?v=34f240d7:851:66)"}}
[2m11:28:17 a.m.[22m [31m[1m[vite][22m[39m [31m[2m(client)[22m[39m [2m[console.error] [22mError handled by React Router default ErrorBoundary: {"status":404,"statusText":"Not Found","internal":true,"data":"Error: No route matches URL \"/interno/reportes\"","error":{"name":"Error","message":"No route matches URL \"/interno/reportes\"","stack":"Error: No route matches URL \"/interno/reportes\"\n    at getInternalRouterError (http://localhost:5173/node_modules/.vite/deps/react-router-dom.js?v=68b6f0be:3643:58)\n    at handleNavigational404 (http://localhost:5173/node_modules/.vite/deps/react-router-dom.js?v=68b6f0be:2188:15)\n    at startNavigation (http://localhost:5173/node_modules/.vite/deps/react-router-dom.js?v=68b6f0be:1508:44)\n    at Object.navigate (http://localhost:5173/node_modules/.vite/deps/react-router-dom.js?v=68b6f0be:1464:9)\n    at http://localhost:5173/node_modules/.vite/deps/react-router-dom.js?v=68b6f0be:4363:21\n    at doNavigate (http://localhost:5173/node_modules/.vite/deps/react-router-dom.js?v=68b6f0be:7465:27)\n    at http://localhost:5173/node_modules/.vite/deps/react-router-dom.js?v=68b6f0be:7475:9\n    at handleClick (http://localhost:5173/node_modules/.vite/deps/react-router-dom.js?v=68b6f0be:7313:32)\n    at executeDispatch (http://localhost:5173/node_modules/.vite/deps/react-dom_client.js?v=34f240d7:9141:5)\n    at runWithFiberInDEV (http://localhost:5173/node_modules/.vite/deps/react-dom_client.js?v=34f240d7:851:66)"}}
[2m11:28:25 a.m.[22m [31m[1m[vite][22m[39m [31m[2m(client)[22m[39m [2m[console.error] [22mError handled by React Router default ErrorBoundary: {"status":404,"statusText":"Not Found","internal":true,"data":"Error: No route matches URL \"/interno/pipeline\"","error":{"name":"Error","message":"No route matches URL \"/interno/pipeline\"","stack":"Error: No route matches URL \"/interno/pipeline\"\n    at getInternalRouterError (http://localhost:5173/node_modules/.vite/deps/react-router-dom.js?v=68b6f0be:3643:58)\n    at handleNavigational404 (http://localhost:5173/node_modules/.vite/deps/react-router-dom.js?v=68b6f0be:2188:15)\n    at startNavigation (http://localhost:5173/node_modules/.vite/deps/react-router-dom.js?v=68b6f0be:1508:44)\n    at Object.navigate (http://localhost:5173/node_modules/.vite/deps/react-router-dom.js?v=68b6f0be:1464:9)\n    at http://localhost:5173/node_modules/.vite/deps/react-router-dom.js?v=68b6f0be:4363:21\n    at doNavigate (http://localhost:5173/node_modules/.vite/deps/react-router-dom.js?v=68b6f0be:7465:27)\n    at http://localhost:5173/node_modules/.vite/deps/react-router-dom.js?v=68b6f0be:7475:9\n    at handleClick (http://localhost:5173/node_modules/.vite/deps/react-router-dom.js?v=68b6f0be:7313:32)\n    at executeDispatch (http://localhost:5173/node_modules/.vite/deps/react-dom_client.js?v=34f240d7:9141:5)\n    at runWithFiberInDEV (http://localhost:5173/node_modules/.vite/deps/react-dom_client.js?v=34f240d7:851:66)"}}
[2m11:28:25 a.m.[22m [31m[1m[vite][22m[39m [31m[2m(client)[22m[39m [2m[console.error] [22mError handled by React Router default ErrorBoundary: {"status":404,"statusText":"Not Found","internal":true,"data":"Error: No route matches URL \"/interno/pipeline\"","error":{"name":"Error","message":"No route matches URL \"/interno/pipeline\"","stack":"Error: No route matches URL \"/interno/pipeline\"\n    at getInternalRouterError (http://localhost:5173/node_modules/.vite/deps/react-router-dom.js?v=68b6f0be:3643:58)\n    at handleNavigational404 (http://localhost:5173/node_modules/.vite/deps/react-router-dom.js?v=68b6f0be:2188:15)\n    at startNavigation (http://localhost:5173/node_modules/.vite/deps/react-router-dom.js?v=68b6f0be:1508:44)\n    at Object.navigate (http://localhost:5173/node_modules/.vite/deps/react-router-dom.js?v=68b6f0be:1464:9)\n    at http://localhost:5173/node_modules/.vite/deps/react-router-dom.js?v=68b6f0be:4363:21\n    at doNavigate (http://localhost:5173/node_modules/.vite/deps/react-router-dom.js?v=68b6f0be:7465:27)\n    at http://localhost:5173/node_modules/.vite/deps/react-router-dom.js?v=68b6f0be:7475:9\n    at handleClick (http://localhost:5173/node_modules/.vite/deps/react-router-dom.js?v=68b6f0be:7313:32)\n    at executeDispatch (http://localhost:5173/node_modules/.vite/deps/react-dom_client.js?v=34f240d7:9141:5)\n    at runWithFiberInDEV (http://localhost:5173/node_modules/.vite/deps/react-dom_client.js?v=34f240d7:851:66)"}}
[2m11:56:11 a.m.[22m [31m[1m[vite][22m[39m [31m[2m(client)[22m[39m [2m[console.error] [22mError handled by React Router default ErrorBoundary: {"status":404,"statusText":"Not Found","internal":true,"data":"Error: No route matches URL \"/interno/pipeline\"","error":{"name":"Error","message":"No route matches URL \"/interno/pipeline\"","stack":"Error: No route matches URL \"/interno/pipeline\"\n    at getInternalRouterError (http://localhost:5173/node_modules/.vite/deps/react-router-dom.js?v=68b6f0be:3643:58)\n    at handleNavigational404 (http://localhost:5173/node_modules/.vite/deps/react-router-dom.js?v=68b6f0be:2188:15)\n    at startNavigation (http://localhost:5173/node_modules/.vite/deps/react-router-dom.js?v=68b6f0be:1508:44)\n    at Object.navigate (http://localhost:5173/node_modules/.vite/deps/react-router-dom.js?v=68b6f0be:1464:9)\n    at http://localhost:5173/node_modules/.vite/deps/react-router-dom.js?v=68b6f0be:4363:21\n    at doNavigate (http://localhost:5173/node_modules/.vite/deps/react-router-dom.js?v=68b6f0be:7465:27)\n    at http://localhost:5173/node_modules/.vite/deps/react-router-dom.js?v=68b6f0be:7475:9\n    at handleClick (http://localhost:5173/node_modules/.vite/deps/react-router-dom.js?v=68b6f0be:7313:32)\n    at executeDispatch (http://localhost:5173/node_modules/.vite/deps/react-dom_client.js?v=34f240d7:9141:5)\n    at runWithFiberInDEV (http://localhost:5173/node_modules/.vite/deps/react-dom_client.js?v=34f240d7:851:66)"}}
[2m11:56:11 a.m.[22m [31m[1m[vite][22m[39m [31m[2m(client)[22m[39m [2m[console.error] [22mError handled by React Router default ErrorBoundary: {"status":404,"statusText":"Not Found","internal":true,"data":"Error: No route matches URL \"/interno/pipeline\"","error":{"name":"Error","message":"No route matches URL \"/interno/pipeline\"","stack":"Error: No route matches URL \"/interno/pipeline\"\n    at getInternalRouterError (http://localhost:5173/node_modules/.vite/deps/react-router-dom.js?v=68b6f0be:3643:58)\n    at handleNavigational404 (http://localhost:5173/node_modules/.vite/deps/react-router-dom.js?v=68b6f0be:2188:15)\n    at startNavigation (http://localhost:5173/node_modules/.vite/deps/react-router-dom.js?v=68b6f0be:1508:44)\n    at Object.navigate (http://localhost:5173/node_modules/.vite/deps/react-router-dom.js?v=68b6f0be:1464:9)\n    at http://localhost:5173/node_modules/.vite/deps/react-router-dom.js?v=68b6f0be:4363:21\n    at doNavigate (http://localhost:5173/node_modules/.vite/deps/react-router-dom.js?v=68b6f0be:7465:27)\n    at http://localhost:5173/node_modules/.vite/deps/react-router-dom.js?v=68b6f0be:7475:9\n    at handleClick (http://localhost:5173/node_modules/.vite/deps/react-router-dom.js?v=68b6f0be:7313:32)\n    at executeDispatch (http://localhost:5173/node_modules/.vite/deps/react-dom_client.js?v=34f240d7:9141:5)\n    at runWithFiberInDEV (http://localhost:5173/node_modules/.vite/deps/react-dom_client.js?v=34f240d7:851:66)"}}
[2m12:40:28 p.m.[22m [33m[1m[vite][22m[39m [33m[2m(client)[22m[39m [2m[console.warn] [22mNo `HydrateFallback` element provided to render during initial hydration
[2m2:53:36 p.m.[22m [36m[1m[vite][22m[39m [90m[2m(client)[22m[39m [32mhmr update [39m[2m/src/styles/globals.css[22m
[2m2:56:22 p.m.[22m [33m[1m[vite][22m[39m [33m[2m(client)[22m[39m [2m[console.warn] [22mNo `HydrateFallback` element provided to render during initial hydration
[2m2:56:23 p.m.[22m [33m[1m[vite][22m[39m [33m[2m(client)[22m[39m [2m[console.warn] [22mNo `HydrateFallback` element provided to render during initial hydration
[2m3:01:25 p.m.[22m [36m[1m[vite][22m[39m [90m[2m(client)[22m[39m [32mhmr update [39m[2m/src/styles/globals.css, /src/app/layouts/PublicLayout.tsx[22m
[2m3:01:35 p.m.[22m [36m[1m[vite][22m[39m [90m[2m(client)[22m[39m [32mhmr update [39m[2m/src/styles/globals.css, /src/app/layouts/InternoLayout.tsx[22m
[2m3:02:14 p.m.[22m [36m[1m[vite][22m[39m [90m[2m(client)[22m[39m [32mhmr update [39m[2m/src/styles/globals.css[22m
[2m3:58:41 p.m.[22m [36m[1m[vite][22m[39m [90m[2m(client)[22m[39m [32mhmr update [39m[2m/src/styles/globals.css, /src/pages/publico/Home.tsx[22m
[2m3:59:53 p.m.[22m [33m[1m[vite][22m[39m [33m[2m(client)[22m[39m [2m[console.warn] [22mNo `HydrateFallback` element provided to render during initial hydration
[2m4:05:04 p.m.[22m [36m[1m[vite][22m[39m [90m[2m(client)[22m[39m [32mhmr update [39m[2m/src/styles/globals.css, /src/features/obras/secciones/Identificacion.tsx[22m
[2m4:05:19 p.m.[22m [36m[1m[vite][22m[39m [90m[2m(client)[22m[39m [32mhmr update [39m[2m/src/styles/globals.css, /src/features/obras/secciones/AvancePresupuesto.tsx[22m
[2m4:05:28 p.m.[22m [36m[1m[vite][22m[39m [90m[2m(client)[22m[39m [32mhmr update [39m[2m/src/styles/globals.css, /src/features/obras/secciones/Cronograma.tsx[22m
[2m4:05:40 p.m.[22m [36m[1m[vite][22m[39m [90m[2m(client)[22m[39m [32mhmr update [39m[2m/src/styles/globals.css, /src/features/obras/secciones/UbicacionMapa.tsx[22m
[2m4:05:54 p.m.[22m [36m[1m[vite][22m[39m [90m[2m(client)[22m[39m [32mhmr update [39m[2m/src/styles/globals.css, /src/pages/publico/Obra.tsx[22m
[2m4:07:12 p.m.[22m [36m[1m[vite][22m[39m [90m[2m(client)[22m[39m [32mhmr update [39m[2m/src/styles/globals.css, /src/features/ejecucion/secciones/ResumenKpis.tsx[22m
[2m4:07:27 p.m.[22m [36m[1m[vite][22m[39m [90m[2m(client)[22m[39m [32mhmr update [39m[2m/src/styles/globals.css, /src/features/ejecucion/secciones/GraficoFuncion.tsx[22m
[2m4:07:42 p.m.[22m [36m[1m[vite][22m[39m [90m[2m(client)[22m[39m [32mhmr update [39m[2m/src/styles/globals.css, /src/features/ejecucion/secciones/GraficoFuente.tsx[22m
[2m4:07:59 p.m.[22m [36m[1m[vite][22m[39m [90m[2m(client)[22m[39m [32mhmr update [39m[2m/src/styles/globals.css, /src/features/ejecucion/secciones/GraficoMensual.tsx[22m
[2m4:08:16 p.m.[22m [36m[1m[vite][22m[39m [90m[2m(client)[22m[39m [32mhmr update [39m[2m/src/app/App.tsx, /src/styles/globals.css[22m
[2m4:08:31 p.m.[22m [36m[1m[vite][22m[39m [90m[2m(client)[22m[39m [32mhmr update [39m[2m/src/styles/globals.css, /src/pages/publico/EjecucionDashboard.tsx[22m
[2m4:08:32 p.m.[22m [36m[1m[vite][22m[39m [90m[2m(client)[22m[39m [32mdependency optimized: [33mradix-ui[32m[39m
[2m4:08:32 p.m.[22m [36m[1m[vite][22m[39m [90m[2m(client)[22m[39m [32moptimized dependencies changed. reloading[39m
[2m4:08:32 p.m.[22m [31m[1m[vite][22m[39m [31m[2m(client)[22m[39m [2m[console.error] [22mInvalid hook call. Hooks can only be called inside of the body of a function component. This could happen for one of the following reasons:
1. You might have mismatching versions of React and the renderer (such as React DOM)
2. You might be breaking the Rules of Hooks
3. You might have more than one copy of React in the same app
See https://react.dev/link/invalid-hook-call for tips about how to debug and fix this problem.
[2m4:08:32 p.m.[22m [31m[1m[vite][22m[39m [31m[2m(client)[22m[39m [2m[console.error] [22mError handled by React Router default ErrorBoundary: TypeError: Cannot read properties of null (reading 'useMemo')
    at exports.useMemo (http://localhost:5173/node_modules/.vite/deps/react.js?v=d9f8a4ba:736:30)
    at useScope (http://localhost:5173/node_modules/.vite/deps/radix-ui.js?v=a12096f0:133:24)
    at SelectProvider (http://localhost:5173/node_modules/.vite/deps/radix-ui.js?v=a12096f0:10972:22)
    at Object.react_stack_bottom_frame (http://localhost:5173/node_modules/.vite/deps/react-dom_client.js?v=34f240d7:12866:12)
    at renderWithHooks (http://localhost:5173/node_modules/.vite/deps/react-dom_client.js?v=34f240d7:4213:19)
    at updateFunctionComponent (http://localhost:5173/node_modules/.vite/deps/react-dom_client.js?v=34f240d7:5569:16)
    at beginWork (http://localhost:5173/node_modules/.vite/deps/react-dom_client.js?v=34f240d7:6140:20)
    at runWithFiberInDEV (http://localhost:5173/node_modules/.vite/deps/react-dom_client.js?v=34f240d7:851:66)
    at performUnitOfWork (http://localhost:5173/node_modules/.vite/deps/react-dom_client.js?v=34f240d7:8429:92)
    at workLoopSync (http://localhost:5173/node_modules/.vite/deps/react-dom_client.js?v=34f240d7:8325:37)
[2m4:08:32 p.m.[22m [31m[1m[vite][22m[39m [31m[2m(client)[22m[39m [2m[console.error] [22mError handled by React Router default ErrorBoundary: TypeError: Cannot read properties of null (reading 'useMemo')
    at exports.useMemo (http://localhost:5173/node_modules/.vite/deps/react.js?v=d9f8a4ba:736:30)
    at useScope (http://localhost:5173/node_modules/.vite/deps/radix-ui.js?v=a12096f0:133:24)
    at SelectProvider (http://localhost:5173/node_modules/.vite/deps/radix-ui.js?v=a12096f0:10972:22)
    at Object.react_stack_bottom_frame (http://localhost:5173/node_modules/.vite/deps/react-dom_client.js?v=34f240d7:12866:12)
    at renderWithHooks (http://localhost:5173/node_modules/.vite/deps/react-dom_client.js?v=34f240d7:4213:19)
    at updateFunctionComponent (http://localhost:5173/node_modules/.vite/deps/react-dom_client.js?v=34f240d7:5569:16)
    at beginWork (http://localhost:5173/node_modules/.vite/deps/react-dom_client.js?v=34f240d7:6140:20)
    at runWithFiberInDEV (http://localhost:5173/node_modules/.vite/deps/react-dom_client.js?v=34f240d7:851:66)
    at performUnitOfWork (http://localhost:5173/node_modules/.vite/deps/react-dom_client.js?v=34f240d7:8429:92)
    at workLoopSync (http://localhost:5173/node_modules/.vite/deps/react-dom_client.js?v=34f240d7:8325:37)
[2m4:08:32 p.m.[22m [31m[1m[vite][22m[39m [31m[2m(client)[22m[39m [2m[console.error] [22mInvalid hook call. Hooks can only be called inside of the body of a function component. This could happen for one of the following reasons:
1. You might have mismatching versions of React and the renderer (such as React DOM)
2. You might be breaking the Rules of Hooks
3. You might have more than one copy of React in the same app
See https://react.dev/link/invalid-hook-call for tips about how to debug and fix this problem.
[2m4:08:32 p.m.[22m [31m[1m[vite][22m[39m [31m[2m(client)[22m[39m [2m[console.error] [22mError handled by React Router default ErrorBoundary: TypeError: Cannot read properties of null (reading 'useMemo')
    at exports.useMemo (http://localhost:5173/node_modules/.vite/deps/react.js?v=d9f8a4ba:736:30)
    at useScope (http://localhost:5173/node_modules/.vite/deps/radix-ui.js?v=a12096f0:133:24)
    at SelectProvider (http://localhost:5173/node_modules/.vite/deps/radix-ui.js?v=a12096f0:10972:22)
    at Object.react_stack_bottom_frame (http://localhost:5173/node_modules/.vite/deps/react-dom_client.js?v=34f240d7:12866:12)
    at renderWithHooks (http://localhost:5173/node_modules/.vite/deps/react-dom_client.js?v=34f240d7:4213:19)
    at updateFunctionComponent (http://localhost:5173/node_modules/.vite/deps/react-dom_client.js?v=34f240d7:5569:16)
    at beginWork (http://localhost:5173/node_modules/.vite/deps/react-dom_client.js?v=34f240d7:6140:20)
    at runWithFiberInDEV (http://localhost:5173/node_modules/.vite/deps/react-dom_client.js?v=34f240d7:851:66)
    at performUnitOfWork (http://localhost:5173/node_modules/.vite/deps/react-dom_client.js?v=34f240d7:8429:92)
    at workLoopSync (http://localhost:5173/node_modules/.vite/deps/react-dom_client.js?v=34f240d7:8325:37)
[2m4:08:32 p.m.[22m [31m[1m[vite][22m[39m [31m[2m(client)[22m[39m [2m[console.error] [22mError handled by React Router default ErrorBoundary: TypeError: Cannot read properties of null (reading 'useMemo')
    at exports.useMemo (http://localhost:5173/node_modules/.vite/deps/react.js?v=d9f8a4ba:736:30)
    at useScope (http://localhost:5173/node_modules/.vite/deps/radix-ui.js?v=a12096f0:133:24)
    at SelectProvider (http://localhost:5173/node_modules/.vite/deps/radix-ui.js?v=a12096f0:10972:22)
    at Object.react_stack_bottom_frame (http://localhost:5173/node_modules/.vite/deps/react-dom_client.js?v=34f240d7:12866:12)
    at renderWithHooks (http://localhost:5173/node_modules/.vite/deps/react-dom_client.js?v=34f240d7:4213:19)
    at updateFunctionComponent (http://localhost:5173/node_modules/.vite/deps/react-dom_client.js?v=34f240d7:5569:16)
    at beginWork (http://localhost:5173/node_modules/.vite/deps/react-dom_client.js?v=34f240d7:6140:20)
    at runWithFiberInDEV (http://localhost:5173/node_modules/.vite/deps/react-dom_client.js?v=34f240d7:851:66)
    at performUnitOfWork (http://localhost:5173/node_modules/.vite/deps/react-dom_client.js?v=34f240d7:8429:92)
    at workLoopSync (http://localhost:5173/node_modules/.vite/deps/react-dom_client.js?v=34f240d7:8325:37)
[2m4:08:32 p.m.[22m [31m[1m[vite][22m[39m [31m[2m(client)[22m[39m [2m[console.error] [22mTypeError: Cannot read properties of null (reading 'useMemo')
    at exports.useMemo (http://localhost:5173/node_modules/.vite/deps/react.js?v=d9f8a4ba:736:30)
    at useScope (http://localhost:5173/node_modules/.vite/deps/radix-ui.js?v=a12096f0:133:24)
    at SelectProvider (http://localhost:5173/node_modules/.vite/deps/radix-ui.js?v=a12096f0:10972:22)
    at Object.react_stack_bottom_frame (http://localhost:5173/node_modules/.vite/deps/react-dom_client.js?v=34f240d7:12866:12)
    at renderWithHooks (http://localhost:5173/node_modules/.vite/deps/react-dom_client.js?v=34f240d7:4213:19)
    at updateFunctionComponent (http://localhost:5173/node_modules/.vite/deps/react-dom_client.js?v=34f240d7:5569:16)
    at beginWork (http://localhost:5173/node_modules/.vite/deps/react-dom_client.js?v=34f240d7:6140:20)
    at runWithFiberInDEV (http://localhost:5173/node_modules/.vite/deps/react-dom_client.js?v=34f240d7:851:66)
    at performUnitOfWork (http://localhost:5173/node_modules/.vite/deps/react-dom_client.js?v=34f240d7:8429:92)
    at workLoopSync (http://localhost:5173/node_modules/.vite/deps/react-dom_client.js?v=34f240d7:8325:37)

The above error occurred in the <SelectProvider> component.

React will try to recreate this component tree from scratch using the error boundary you provided, RenderErrorBoundary.

[2m4:08:32 p.m.[22m [31m[1m[vite][22m[39m [31m[2m(client)[22m[39m [2m[console.error] [22mReact Router caught the following error during render TypeError: Cannot read properties of null (reading 'useMemo')
    at exports.useMemo (http://localhost:5173/node_modules/.vite/deps/react.js?v=d9f8a4ba:736:30)
    at useScope (http://localhost:5173/node_modules/.vite/deps/radix-ui.js?v=a12096f0:133:24)
    at SelectProvider (http://localhost:5173/node_modules/.vite/deps/radix-ui.js?v=a12096f0:10972:22)
    at Object.react_stack_bottom_frame (http://localhost:5173/node_modules/.vite/deps/react-dom_client.js?v=34f240d7:12866:12)
    at renderWithHooks (http://localhost:5173/node_modules/.vite/deps/react-dom_client.js?v=34f240d7:4213:19)
    at updateFunctionComponent (http://localhost:5173/node_modules/.vite/deps/react-dom_client.js?v=34f240d7:5569:16)
    at beginWork (http://localhost:5173/node_modules/.vite/deps/react-dom_client.js?v=34f240d7:6140:20)
    at runWithFiberInDEV (http://localhost:5173/node_modules/.vite/deps/react-dom_client.js?v=34f240d7:851:66)
    at performUnitOfWork (http://localhost:5173/node_modules/.vite/deps/react-dom_client.js?v=34f240d7:8429:92)
    at workLoopSync (http://localhost:5173/node_modules/.vite/deps/react-dom_client.js?v=34f240d7:8325:37)
[2m4:08:32 p.m.[22m [33m[1m[vite][22m[39m [33m[2m(client)[22m[39m [2m[console.warn] [22mNo `HydrateFallback` element provided to render during initial hydration
[2m4:09:37 p.m.[22m [36m[1m[vite][22m[39m [90m[2m(client)[22m[39m [32mhmr update [39m[2m/src/styles/globals.css, /src/components/mapa/WrapperMapa.tsx[22m
[2m4:09:45 p.m.[22m [36m[1m[vite][22m[39m [90m[2m(client)[22m[39m [32mhmr update [39m[2m/src/styles/globals.css, /src/pages/publico/Mapa.tsx[22m
[2m4:10:20 p.m.[22m [36m[1m[vite][22m[39m [90m[2m(client)[22m[39m [32mhmr update [39m[2m/src/styles/globals.css, /src/features/obras/MapaObras.tsx[22m
[2m4:12:37 p.m.[22m [36m[1m[vite][22m[39m [90m[2m(client)[22m[39m [32mhmr update [39m[2m/src/styles/globals.css, /src/features/dashboard/secciones/DashboardWidgets.tsx[22m
[2m4:13:26 p.m.[22m [33m[1m[vite][22m[39m [33m[2m(client)[22m[39m [2m[console.warn] [22mNo `HydrateFallback` element provided to render during initial hydration
[2m4:17:08 p.m.[22m [36m[1m[vite][22m[39m [90m[2m(client)[22m[39m [32mdependency optimized: [33muse-debounce[32m[39m
[2m4:17:08 p.m.[22m [36m[1m[vite][22m[39m [90m[2m(client)[22m[39m [32moptimized dependencies changed. reloading[39m
[2m4:17:08 p.m.[22m [31m[1m[vite][22m[39m [31m[2m(client)[22m[39m [2m[console.error] [22mInvalid hook call. Hooks can only be called inside of the body of a function component. This could happen for one of the following reasons:
1. You might have mismatching versions of React and the renderer (such as React DOM)
2. You might be breaking the Rules of Hooks
3. You might have more than one copy of React in the same app
See https://react.dev/link/invalid-hook-call for tips about how to debug and fix this problem.
[2m4:17:08 p.m.[22m [31m[1m[vite][22m[39m [31m[2m(client)[22m[39m [2m[console.error] [22mError handled by React Router default ErrorBoundary: TypeError: Cannot read properties of null (reading 'useRef')
    at exports.useRef (http://localhost:5173/node_modules/.vite/deps/react.js?v=b3c026f2:745:30)
    at l (http://localhost:5173/node_modules/.vite/deps/use-debounce.js?v=2730d922:76:62)
    at DirectorioProveedores (http://localhost:5173/src/pages/publico/DirectorioProveedores.tsx:19:23)
    at Object.react_stack_bottom_frame (http://localhost:5173/node_modules/.vite/deps/react-dom_client.js?v=d9f8a4ba:12866:12)
    at renderWithHooks (http://localhost:5173/node_modules/.vite/deps/react-dom_client.js?v=d9f8a4ba:4213:19)
    at updateFunctionComponent (http://localhost:5173/node_modules/.vite/deps/react-dom_client.js?v=d9f8a4ba:5569:16)
    at beginWork (http://localhost:5173/node_modules/.vite/deps/react-dom_client.js?v=d9f8a4ba:6140:20)
    at runWithFiberInDEV (http://localhost:5173/node_modules/.vite/deps/react-dom_client.js?v=d9f8a4ba:851:66)
    at performUnitOfWork (http://localhost:5173/node_modules/.vite/deps/react-dom_client.js?v=d9f8a4ba:8429:92)
    at workLoopConcurrentByScheduler (http://localhost:5173/node_modules/.vite/deps/react-dom_client.js?v=d9f8a4ba:8425:55)
[2m4:17:08 p.m.[22m [31m[1m[vite][22m[39m [31m[2m(client)[22m[39m [2m[console.error] [22mError handled by React Router default ErrorBoundary: TypeError: Cannot read properties of null (reading 'useRef')
    at exports.useRef (http://localhost:5173/node_modules/.vite/deps/react.js?v=b3c026f2:745:30)
    at l (http://localhost:5173/node_modules/.vite/deps/use-debounce.js?v=2730d922:76:62)
    at DirectorioProveedores (http://localhost:5173/src/pages/publico/DirectorioProveedores.tsx:19:23)
    at Object.react_stack_bottom_frame (http://localhost:5173/node_modules/.vite/deps/react-dom_client.js?v=d9f8a4ba:12866:12)
    at renderWithHooks (http://localhost:5173/node_modules/.vite/deps/react-dom_client.js?v=d9f8a4ba:4213:19)
    at updateFunctionComponent (http://localhost:5173/node_modules/.vite/deps/react-dom_client.js?v=d9f8a4ba:5569:16)
    at beginWork (http://localhost:5173/node_modules/.vite/deps/react-dom_client.js?v=d9f8a4ba:6140:20)
    at runWithFiberInDEV (http://localhost:5173/node_modules/.vite/deps/react-dom_client.js?v=d9f8a4ba:851:66)
    at performUnitOfWork (http://localhost:5173/node_modules/.vite/deps/react-dom_client.js?v=d9f8a4ba:8429:92)
    at workLoopConcurrentByScheduler (http://localhost:5173/node_modules/.vite/deps/react-dom_client.js?v=d9f8a4ba:8425:55)
[2m4:17:08 p.m.[22m [31m[1m[vite][22m[39m [31m[2m(client)[22m[39m [2m[console.error] [22mInvalid hook call. Hooks can only be called inside of the body of a function component. This could happen for one of the following reasons:
1. You might have mismatching versions of React and the renderer (such as React DOM)
2. You might be breaking the Rules of Hooks
3. You might have more than one copy of React in the same app
See https://react.dev/link/invalid-hook-call for tips about how to debug and fix this problem.
[2m4:17:08 p.m.[22m [31m[1m[vite][22m[39m [31m[2m(client)[22m[39m [2m[console.error] [22mError handled by React Router default ErrorBoundary: TypeError: Cannot read properties of null (reading 'useRef')
    at exports.useRef (http://localhost:5173/node_modules/.vite/deps/react.js?v=b3c026f2:745:30)
    at l (http://localhost:5173/node_modules/.vite/deps/use-debounce.js?v=2730d922:76:62)
    at DirectorioProveedores (http://localhost:5173/src/pages/publico/DirectorioProveedores.tsx:19:23)
    at Object.react_stack_bottom_frame (http://localhost:5173/node_modules/.vite/deps/react-dom_client.js?v=d9f8a4ba:12866:12)
    at renderWithHooks (http://localhost:5173/node_modules/.vite/deps/react-dom_client.js?v=d9f8a4ba:4213:19)
    at updateFunctionComponent (http://localhost:5173/node_modules/.vite/deps/react-dom_client.js?v=d9f8a4ba:5569:16)
    at beginWork (http://localhost:5173/node_modules/.vite/deps/react-dom_client.js?v=d9f8a4ba:6140:20)
    at runWithFiberInDEV (http://localhost:5173/node_modules/.vite/deps/react-dom_client.js?v=d9f8a4ba:851:66)
    at performUnitOfWork (http://localhost:5173/node_modules/.vite/deps/react-dom_client.js?v=d9f8a4ba:8429:92)
    at workLoopSync (http://localhost:5173/node_modules/.vite/deps/react-dom_client.js?v=d9f8a4ba:8325:37)
[2m4:17:08 p.m.[22m [31m[1m[vite][22m[39m [31m[2m(client)[22m[39m [2m[console.error] [22mError handled by React Router default ErrorBoundary: TypeError: Cannot read properties of null (reading 'useRef')
    at exports.useRef (http://localhost:5173/node_modules/.vite/deps/react.js?v=b3c026f2:745:30)
    at l (http://localhost:5173/node_modules/.vite/deps/use-debounce.js?v=2730d922:76:62)
    at DirectorioProveedores (http://localhost:5173/src/pages/publico/DirectorioProveedores.tsx:19:23)
    at Object.react_stack_bottom_frame (http://localhost:5173/node_modules/.vite/deps/react-dom_client.js?v=d9f8a4ba:12866:12)
    at renderWithHooks (http://localhost:5173/node_modules/.vite/deps/react-dom_client.js?v=d9f8a4ba:4213:19)
    at updateFunctionComponent (http://localhost:5173/node_modules/.vite/deps/react-dom_client.js?v=d9f8a4ba:5569:16)
    at beginWork (http://localhost:5173/node_modules/.vite/deps/react-dom_client.js?v=d9f8a4ba:6140:20)
    at runWithFiberInDEV (http://localhost:5173/node_modules/.vite/deps/react-dom_client.js?v=d9f8a4ba:851:66)
    at performUnitOfWork (http://localhost:5173/node_modules/.vite/deps/react-dom_client.js?v=d9f8a4ba:8429:92)
    at workLoopSync (http://localhost:5173/node_modules/.vite/deps/react-dom_client.js?v=d9f8a4ba:8325:37)
[2m4:17:08 p.m.[22m [31m[1m[vite][22m[39m [31m[2m(client)[22m[39m [2m[console.error] [22mTypeError: Cannot read properties of null (reading 'useRef')
    at exports.useRef (http://localhost:5173/node_modules/.vite/deps/react.js?v=b3c026f2:745:30)
    at l (http://localhost:5173/node_modules/.vite/deps/use-debounce.js?v=2730d922:76:62)
    at DirectorioProveedores (http://localhost:5173/src/pages/publico/DirectorioProveedores.tsx:19:23)
    at Object.react_stack_bottom_frame (http://localhost:5173/node_modules/.vite/deps/react-dom_client.js?v=d9f8a4ba:12866:12)
    at renderWithHooks (http://localhost:5173/node_modules/.vite/deps/react-dom_client.js?v=d9f8a4ba:4213:19)
    at updateFunctionComponent (http://localhost:5173/node_modules/.vite/deps/react-dom_client.js?v=d9f8a4ba:5569:16)
    at beginWork (http://localhost:5173/node_modules/.vite/deps/react-dom_client.js?v=d9f8a4ba:6140:20)
    at runWithFiberInDEV (http://localhost:5173/node_modules/.vite/deps/react-dom_client.js?v=d9f8a4ba:851:66)
    at performUnitOfWork (http://localhost:5173/node_modules/.vite/deps/react-dom_client.js?v=d9f8a4ba:8429:92)
    at workLoopSync (http://localhost:5173/node_modules/.vite/deps/react-dom_client.js?v=d9f8a4ba:8325:37)

The above error occurred in the <DirectorioProveedores> component.

React will try to recreate this component tree from scratch using the error boundary you provided, RenderErrorBoundary.

[2m4:17:08 p.m.[22m [31m[1m[vite][22m[39m [31m[2m(client)[22m[39m [2m[console.error] [22mReact Router caught the following error during render TypeError: Cannot read properties of null (reading 'useRef')
    at exports.useRef (http://localhost:5173/node_modules/.vite/deps/react.js?v=b3c026f2:745:30)
    at l (http://localhost:5173/node_modules/.vite/deps/use-debounce.js?v=2730d922:76:62)
    at DirectorioProveedores (http://localhost:5173/src/pages/publico/DirectorioProveedores.tsx:19:23)
    at Object.react_stack_bottom_frame (http://localhost:5173/node_modules/.vite/deps/react-dom_client.js?v=d9f8a4ba:12866:12)
    at renderWithHooks (http://localhost:5173/node_modules/.vite/deps/react-dom_client.js?v=d9f8a4ba:4213:19)
    at updateFunctionComponent (http://localhost:5173/node_modules/.vite/deps/react-dom_client.js?v=d9f8a4ba:5569:16)
    at beginWork (http://localhost:5173/node_modules/.vite/deps/react-dom_client.js?v=d9f8a4ba:6140:20)
    at runWithFiberInDEV (http://localhost:5173/node_modules/.vite/deps/react-dom_client.js?v=d9f8a4ba:851:66)
    at performUnitOfWork (http://localhost:5173/node_modules/.vite/deps/react-dom_client.js?v=d9f8a4ba:8429:92)
    at workLoopSync (http://localhost:5173/node_modules/.vite/deps/react-dom_client.js?v=d9f8a4ba:8325:37)
[2m4:17:08 p.m.[22m [33m[1m[vite][22m[39m [33m[2m(client)[22m[39m [2m[console.warn] [22mNo `HydrateFallback` element provided to render during initial hydration
[2m4:36:27 p.m.[22m [36m[1m[vite][22m[39m [90m[2m(client)[22m[39m [32mhmr update [39m[2m/src/styles/globals.css, /src/pages/publico/Home.tsx[22m
[2m4:46:23 p.m.[22m [36m[1m[vite][22m[39m [90m[2m(client)[22m[39m [32mhmr update [39m[2m/src/styles/globals.css, /src/components/nav/HeaderPublico.tsx[22m
[2m4:46:33 p.m.[22m [36m[1m[vite][22m[39m [90m[2m(client)[22m[39m [32mhmr update [39m[2m/src/styles/globals.css, /src/components/nav/HeaderPublico.tsx[22m
[2m4:46:41 p.m.[22m [36m[1m[vite][22m[39m [90m[2m(client)[22m[39m [32mhmr update [39m[2m/src/styles/globals.css, /src/components/nav/FooterPublico.tsx[22m
[2m4:46:41 p.m.[22m [31m[1m[vite][22m[39m [31mInternal server error: Transform failed with 2 errors:

[31m[PARSE_ERROR] [0mExpected corresponding JSX closing tag for 'div'.
    [38;5;246m╭[0m[38;5;246m─[0m[38;5;246m[[0m src/components/nav/FooterPublico.tsx:95:7 [38;5;246m][0m
    [38;5;246m│[0m
 [38;5;246m19 │[0m [38;5;249m [0m[38;5;249m [0m[38;5;249m [0m[38;5;249m [0m[38;5;249m [0m[38;5;249m [0m[38;5;249m<[0mdiv[38;5;249m [0m[38;5;249mc[0m[38;5;249ml[0m[38;5;249ma[0m[38;5;249ms[0m[38;5;249ms[0m[38;5;249mN[0m[38;5;249ma[0m[38;5;249mm[0m[38;5;249me[0m[38;5;249m=[0m[38;5;249m"[0m[38;5;249mb[0m[38;5;249mg[0m[38;5;249m-[0m[38;5;249mm[0m[38;5;249mu[0m[38;5;249mt[0m[38;5;249me[0m[38;5;249md[0m[38;5;249m [0m[38;5;249mb[0m[38;5;249mo[0m[38;5;249mr[0m[38;5;249md[0m[38;5;249me[0m[38;5;249mr[0m[38;5;249m-[0m[38;5;249mt[0m[38;5;249m [0m[38;5;249mb[0m[38;5;249mo[0m[38;5;249mr[0m[38;5;249md[0m[38;5;249me[0m[38;5;249mr[0m[38;5;249m-[0m[38;5;249mb[0m[38;5;249mo[0m[38;5;249mr[0m[38;5;249md[0m[38;5;249me[0m[38;5;249mr[0m[38;5;249m"[0m[38;5;249m>[0m
 [38;5;240m   │[0m        ─┬─  
 [38;5;240m   │[0m         ╰─── Opened here
 [38;5;240m   │[0m 
 [38;5;246m95 │[0m [38;5;249m [0m[38;5;249m [0m[38;5;249m [0m[38;5;249m [0m[38;5;249m<[0m[38;5;249m/[0mfooter[38;5;249m>[0m
 [38;5;240m   │[0m       ───┬──  
 [38;5;240m   │[0m          ╰──── Expected `</div>`
[38;5;246m────╯[0m

[31m[PARSE_ERROR] [0mUnexpected token. Did you mean `{'}'}` or `&rbrace;`?
    [38;5;246m╭[0m[38;5;246m─[0m[38;5;246m[[0m src/components/nav/FooterPublico.tsx:97:1 [38;5;246m][0m
    [38;5;246m│[0m
 [38;5;246m97 │[0m [38;5;249m}[0m
 [38;5;240m   │[0m │ 
 [38;5;240m   │[0m ╰─ 
[38;5;246m────╯[0m
[39m
  Plugin: [35mvite:oxc[39m
  File: [36mC:/Users/PracticanteOTI/Desktop/presupuesto/frontend/src/components/nav/FooterPublico.tsx[39m
      at transformWithOxc (file:///C:/Users/PracticanteOTI/Desktop/presupuesto/frontend/node_modules/vite/dist/node/chunks/node.js:4017:19)
      at TransformPluginContext.transform (file:///C:/Users/PracticanteOTI/Desktop/presupuesto/frontend/node_modules/vite/dist/node/chunks/node.js:4088:26)
      at EnvironmentPluginContainer.transform (file:///C:/Users/PracticanteOTI/Desktop/presupuesto/frontend/node_modules/vite/dist/node/chunks/node.js:30151:51)
      at async loadAndTransform (file:///C:/Users/PracticanteOTI/Desktop/presupuesto/frontend/node_modules/vite/dist/node/chunks/node.js:20098:26)
      at async viteTransformMiddleware (file:///C:/Users/PracticanteOTI/Desktop/presupuesto/frontend/node_modules/vite/dist/node/chunks/node.js:24559:20)
[2m4:46:41 p.m.[22m [31m[1m[vite][22m[39m [31m[2m(client)[22m[39m [2m[console.error] [22m[vite] Failed to reload /src/components/nav/FooterPublico.tsx. This could be due to syntax errors or importing non-existent modules. (see errors above)
[2m4:46:49 p.m.[22m [36m[1m[vite][22m[39m [90m[2m(client)[22m[39m [32mhmr update [39m[2m/src/styles/globals.css, /src/components/nav/FooterPublico.tsx[22m
[2m4:47:02 p.m.[22m [36m[1m[vite][22m[39m [90m[2m(client)[22m[39m [32mhmr update [39m[2m/src/styles/globals.css, /src/pages/publico/Home.tsx[22m
[2m4:47:11 p.m.[22m [36m[1m[vite][22m[39m [90m[2m(client)[22m[39m [32mhmr update [39m[2m/src/styles/globals.css, /src/pages/publico/Home.tsx[22m
[2m4:47:37 p.m.[22m [36m[1m[vite][22m[39m [90m[2m(client)[22m[39m [32mhmr update [39m[2m/src/styles/globals.css, /src/pages/publico/Home.tsx[22m
[2m4:57:28 p.m.[22m [31m[1m[vite][22m[39m [31m[2m(client)[22m[39m [2m[console.error] [22mEncountered two children with the same key, `5`. Keys should be unique so that components maintain their identity across updates. Non-unique keys may cause children to be duplicated and/or omitted — the behavior is unsupported and could change in a future version.
[2m4:57:28 p.m.[22m [31m[1m[vite][22m[39m [31m[2m(client)[22m[39m [2m[console.error] [22mEncountered two children with the same key, `5`. Keys should be unique so that components maintain their identity across updates. Non-unique keys may cause children to be duplicated and/or omitted — the behavior is unsupported and could change in a future version.
[2m4:57:28 p.m.[22m [31m[1m[vite][22m[39m [31m[2m(client)[22m[39m [2m[console.error] [22mEncountered two children with the same key, `2`. Keys should be unique so that components maintain their identity across updates. Non-unique keys may cause children to be duplicated and/or omitted — the behavior is unsupported and could change in a future version.
[2m4:57:28 p.m.[22m [31m[1m[vite][22m[39m [31m[2m(client)[22m[39m [2m[console.error] [22mEncountered two children with the same key, `5`. Keys should be unique so that components maintain their identity across updates. Non-unique keys may cause children to be duplicated and/or omitted — the behavior is unsupported and could change in a future version.
[2m4:57:28 p.m.[22m [31m[1m[vite][22m[39m [31m[2m(client)[22m[39m [2m[console.error] [22mEncountered two children with the same key, `5`. Keys should be unique so that components maintain their identity across updates. Non-unique keys may cause children to be duplicated and/or omitted — the behavior is unsupported and could change in a future version.
[2m4:57:28 p.m.[22m [31m[1m[vite][22m[39m [31m[2m(client)[22m[39m [2m[console.error] [22mEncountered two children with the same key, `2`. Keys should be unique so that components maintain their identity across updates. Non-unique keys may cause children to be duplicated and/or omitted — the behavior is unsupported and could change in a future version.
[2m4:57:29 p.m.[22m [31m[1m[vite][22m[39m [31m[2m(client)[22m[39m [2m[console.error] [22mEncountered two children with the same key, `5`. Keys should be unique so that components maintain their identity across updates. Non-unique keys may cause children to be duplicated and/or omitted — the behavior is unsupported and could change in a future version.
[2m4:57:29 p.m.[22m [31m[1m[vite][22m[39m [31m[2m(client)[22m[39m [2m[console.error] [22mEncountered two children with the same key, `5`. Keys should be unique so that components maintain their identity across updates. Non-unique keys may cause children to be duplicated and/or omitted — the behavior is unsupported and could change in a future version.
[2m4:57:29 p.m.[22m [31m[1m[vite][22m[39m [31m[2m(client)[22m[39m [2m[console.error] [22mEncountered two children with the same key, `2`. Keys should be unique so that components maintain their identity across updates. Non-unique keys may cause children to be duplicated and/or omitted — the behavior is unsupported and could change in a future version.
[2m4:57:40 p.m.[22m [31m[1m[vite][22m[39m [31m[2m(client)[22m[39m [2m[console.error] [22mEncountered two children with the same key, `5`. Keys should be unique so that components maintain their identity across updates. Non-unique keys may cause children to be duplicated and/or omitted — the behavior is unsupported and could change in a future version.
[2m4:57:40 p.m.[22m [31m[1m[vite][22m[39m [31m[2m(client)[22m[39m [2m[console.error] [22mEncountered two children with the same key, `5`. Keys should be unique so that components maintain their identity across updates. Non-unique keys may cause children to be duplicated and/or omitted — the behavior is unsupported and could change in a future version.
[2m4:57:40 p.m.[22m [31m[1m[vite][22m[39m [31m[2m(client)[22m[39m [2m[console.error] [22mEncountered two children with the same key, `2`. Keys should be unique so that components maintain their identity across updates. Non-unique keys may cause children to be duplicated and/or omitted — the behavior is unsupported and could change in a future version.
[2m4:57:40 p.m.[22m [31m[1m[vite][22m[39m [31m[2m(client)[22m[39m [2m[console.error] [22mEncountered two children with the same key, `5`. Keys should be unique so that components maintain their identity across updates. Non-unique keys may cause children to be duplicated and/or omitted — the behavior is unsupported and could change in a future version.
[2m4:57:40 p.m.[22m [31m[1m[vite][22m[39m [31m[2m(client)[22m[39m [2m[console.error] [22mEncountered two children with the same key, `5`. Keys should be unique so that components maintain their identity across updates. Non-unique keys may cause children to be duplicated and/or omitted — the behavior is unsupported and could change in a future version.
[2m4:57:40 p.m.[22m [31m[1m[vite][22m[39m [31m[2m(client)[22m[39m [2m[console.error] [22mEncountered two children with the same key, `2`. Keys should be unique so that components maintain their identity across updates. Non-unique keys may cause children to be duplicated and/or omitted — the behavior is unsupported and could change in a future version.
[2m4:57:41 p.m.[22m [31m[1m[vite][22m[39m [31m[2m(client)[22m[39m [2m[console.error] [22mEncountered two children with the same key, `5`. Keys should be unique so that components maintain their identity across updates. Non-unique keys may cause children to be duplicated and/or omitted — the behavior is unsupported and could change in a future version.
[2m4:57:41 p.m.[22m [31m[1m[vite][22m[39m [31m[2m(client)[22m[39m [2m[console.error] [22mEncountered two children with the same key, `5`. Keys should be unique so that components maintain their identity across updates. Non-unique keys may cause children to be duplicated and/or omitted — the behavior is unsupported and could change in a future version.
[2m4:57:41 p.m.[22m [31m[1m[vite][22m[39m [31m[2m(client)[22m[39m [2m[console.error] [22mEncountered two children with the same key, `2`. Keys should be unique so that components maintain their identity across updates. Non-unique keys may cause children to be duplicated and/or omitted — the behavior is unsupported and could change in a future version.
[2m4:59:28 p.m.[22m [31m[1m[vite][22m[39m [31m[2m(client)[22m[39m [2m[console.error] [22mEncountered two children with the same key, `5`. Keys should be unique so that components maintain their identity across updates. Non-unique keys may cause children to be duplicated and/or omitted — the behavior is unsupported and could change in a future version.
[2m4:59:28 p.m.[22m [31m[1m[vite][22m[39m [31m[2m(client)[22m[39m [2m[console.error] [22mEncountered two children with the same key, `5`. Keys should be unique so that components maintain their identity across updates. Non-unique keys may cause children to be duplicated and/or omitted — the behavior is unsupported and could change in a future version.
[2m4:59:28 p.m.[22m [31m[1m[vite][22m[39m [31m[2m(client)[22m[39m [2m[console.error] [22mEncountered two children with the same key, `2`. Keys should be unique so that components maintain their identity across updates. Non-unique keys may cause children to be duplicated and/or omitted — the behavior is unsupported and could change in a future version.
[2m4:59:28 p.m.[22m [31m[1m[vite][22m[39m [31m[2m(client)[22m[39m [2m[console.error] [22mEncountered two children with the same key, `5`. Keys should be unique so that components maintain their identity across updates. Non-unique keys may cause children to be duplicated and/or omitted — the behavior is unsupported and could change in a future version.
[2m4:59:28 p.m.[22m [31m[1m[vite][22m[39m [31m[2m(client)[22m[39m [2m[console.error] [22mEncountered two children with the same key, `5`. Keys should be unique so that components maintain their identity across updates. Non-unique keys may cause children to be duplicated and/or omitted — the behavior is unsupported and could change in a future version.
[2m4:59:28 p.m.[22m [31m[1m[vite][22m[39m [31m[2m(client)[22m[39m [2m[console.error] [22mEncountered two children with the same key, `2`. Keys should be unique so that components maintain their identity across updates. Non-unique keys may cause children to be duplicated and/or omitted — the behavior is unsupported and could change in a future version.
[2m4:59:29 p.m.[22m [31m[1m[vite][22m[39m [31m[2m(client)[22m[39m [2m[console.error] [22mEncountered two children with the same key, `5`. Keys should be unique so that components maintain their identity across updates. Non-unique keys may cause children to be duplicated and/or omitted — the behavior is unsupported and could change in a future version.
[2m4:59:29 p.m.[22m [31m[1m[vite][22m[39m [31m[2m(client)[22m[39m [2m[console.error] [22mEncountered two children with the same key, `5`. Keys should be unique so that components maintain their identity across updates. Non-unique keys may cause children to be duplicated and/or omitted — the behavior is unsupported and could change in a future version.
[2m4:59:29 p.m.[22m [31m[1m[vite][22m[39m [31m[2m(client)[22m[39m [2m[console.error] [22mEncountered two children with the same key, `2`. Keys should be unique so that components maintain their identity across updates. Non-unique keys may cause children to be duplicated and/or omitted — the behavior is unsupported and could change in a future version.
[2m5:22:41 p.m.[22m [36m[1m[vite][22m[39m [90m[2m(client)[22m[39m [32mhmr update [39m[2m/src/styles/globals.css, /src/components/decor/PiedraInca.tsx[22m
[2m5:25:18 p.m.[22m [36m[1m[vite][22m[39m [90m[2m(client)[22m[39m [32mhmr update [39m[2m/src/styles/globals.css, /src/pages/publico/Home.tsx[22m
[2m5:25:47 p.m.[22m [36m[1m[vite][22m[39m [90m[2m(client)[22m[39m [32mhmr update [39m[2m/src/styles/globals.css, /src/components/nav/FooterPublico.tsx[22m
[2m5:25:56 p.m.[22m [36m[1m[vite][22m[39m [90m[2m(client)[22m[39m [32mhmr update [39m[2m/src/styles/globals.css, /src/pages/publico/ObrasListado.tsx[22m
[2m5:26:08 p.m.[22m [36m[1m[vite][22m[39m [90m[2m(client)[22m[39m [32mhmr update [39m[2m/src/styles/globals.css, /src/components/decor/TextilRombos.tsx[22m
[2m5:26:08 p.m.[22m [36m[1m[vite][22m[39m [90m[2m(client)[22m[39m [32mhmr update [39m[2m/src/styles/globals.css, /src/components/decor/Chakana.tsx[22m
[2m5:26:08 p.m.[22m [31m[1m[vite][22m[39m [31m[2m(client)[22m[39m [2m[console.error] [22m[vite] Failed to reload /src/components/decor/TextilRombos.tsx. This could be due to syntax errors or importing non-existent modules. (see errors above)
[2m5:26:08 p.m.[22m [31m[1m[vite][22m[39m [31m[2m(client)[22m[39m [2m[console.error] [22m[vite] Failed to reload /src/components/decor/Chakana.tsx. This could be due to syntax errors or importing non-existent modules. (see errors above)
[2m5:31:00 p.m.[22m [36m[1m[vite][22m[39m [90m[2m(client)[22m[39m [32mhmr update [39m[2m/src/styles/globals.css, /src/components/nav/HeaderPublico.tsx[22m
[2m5:35:12 p.m.[22m [36m[1m[vite][22m[39m [90m[2m(client)[22m[39m [32mhmr update [39m[2m/src/styles/globals.css, /src/features/obras/ObraCard.tsx[22m
[2m5:36:28 p.m.[22m [36m[1m[vite][22m[39m [90m[2m(client)[22m[39m [32mhmr update [39m[2m/src/styles/globals.css, /src/pages/publico/ObrasListado.tsx[22m
[2m5:37:24 p.m.[22m [36m[1m[vite][22m[39m [90m[2m(client)[22m[39m [32mhmr update [39m[2m/src/styles/globals.css, /src/pages/publico/Obra.tsx[22m
[2m5:37:40 p.m.[22m [33m[1m[vite][22m[39m [33m[2m(client)[22m[39m [2m[console.warn] [22mNo `HydrateFallback` element provided to render during initial hydration
[2m5:37:40 p.m.[22m [36m[1m[vite][22m[39m [90m[2m(client)[22m[39m [32mhmr update [39m[2m/src/styles/globals.css, /src/features/obras/secciones/Identificacion.tsx[22m
[2m5:37:56 p.m.[22m [36m[1m[vite][22m[39m [90m[2m(client)[22m[39m [32mhmr update [39m[2m/src/styles/globals.css, /src/features/obras/secciones/AvancePresupuesto.tsx[22m
[2m5:38:09 p.m.[22m [36m[1m[vite][22m[39m [90m[2m(client)[22m[39m [32mhmr update [39m[2m/src/styles/globals.css, /src/features/obras/secciones/Cronograma.tsx[22m
[2m5:38:22 p.m.[22m [36m[1m[vite][22m[39m [90m[2m(client)[22m[39m [32mhmr update [39m[2m/src/styles/globals.css, /src/features/obras/secciones/UbicacionMapa.tsx[22m
[2m5:38:28 p.m.[22m [36m[1m[vite][22m[39m [90m[2m(client)[22m[39m [32mhmr update [39m[2m/src/styles/globals.css, /src/pages/publico/Obra.tsx[22m
[2m5:38:28 p.m.[22m [31m[1m[vite][22m[39m [31m[2m(client)[22m[39m [2m[console.error] [22m[vite] SyntaxError: Export 'Calendar' is not defined in module
[2m5:38:28 p.m.[22m [31m[1m[vite][22m[39m [31m[2m(client)[22m[39m [2m[console.error] [22m[vite] Failed to reload /src/pages/publico/Obra.tsx. This could be due to syntax errors or importing non-existent modules. (see errors above)
[2m5:38:30 p.m.[22m [36m[1m[vite][22m[39m [90m[2m(client)[22m[39m [32mhmr update [39m[2m/src/styles/globals.css, /src/pages/publico/Obra.tsx[22m
[2m5:38:30 p.m.[22m [36m[1m[vite][22m[39m [90m[2m(client)[22m[39m [33mhmr invalidate [39m[2m/src/pages/publico/Obra.tsx[22m Could not Fast Refresh (export removed)
[2m5:38:30 p.m.[22m [36m[1m[vite][22m[39m [90m[2m(client)[22m[39m [32mhmr update [39m[2m/src/app/App.tsx[22m
[2m5:39:24 p.m.[22m [33m[1m[vite][22m[39m [33m[2m(client)[22m[39m [2m[console.warn] [22mNo `HydrateFallback` element provided to render during initial hydration
[2m5:39:53 p.m.[22m [36m[1m[vite][22m[39m [90m[2m(client)[22m[39m [32mhmr update [39m[2m/src/styles/globals.css, /src/components/nav/HeaderPublico.tsx[22m
[2m5:40:45 p.m.[22m [33m[1m[vite][22m[39m [33m[2m(client)[22m[39m [2m[console.warn] [22mNo `HydrateFallback` element provided to render during initial hydration
[2m5:47:35 p.m.[22m [36m[1m[vite][22m[39m [90m[2m(client)[22m[39m [32mhmr update [39m[2m/src/styles/globals.css, /src/pages/publico/Obra.tsx[22m
[2m6:09:57 p.m.[22m [36m[1m[vite][22m[39m [90m[2m(client)[22m[39m [32mhmr update [39m[2m/src/styles/globals.css, /src/features/obras/secciones/Galeria.tsx[22m
