2026-07-11 19:11:14,638 INFO __main__: Descargando inversiones de SEC_EJEC=300687 via datastore_search...
2026-07-11 19:11:14,987 INFO httpx: HTTP Request: GET https://api.datosabiertos.mef.gob.pe/DatosAbiertos/v1/datastore_search?resource_id=f9cc4ba0-931a-4b70-86c9-eacbd8c68596&filters=%7B%22SEC_EJEC%22%3A+%22300687%22%7D&limit=100&offset=0 "HTTP/1.1 200 OK"
2026-07-11 19:11:15,144 INFO __main__:   Página offset=0: 74 registros
2026-07-11 19:11:15,144 INFO __main__: Total descargado: 74 inversiones
2026-07-11 19:11:15,175 ERROR __main__: Error durante el seed
Traceback (most recent call last):
  File "/home/jeanpier/OTI/sicop-mdsj/backend/venv/lib64/python3.14/site-packages/sqlalchemy/engine/base.py", line 1938, in _exec_single_context
    self.dialect.do_executemany(
    ~~~~~~~~~~~~~~~~~~~~~~~~~~~^
        cursor,
        ^^^^^^^
    ...<2 lines>...
        context,
        ^^^^^^^^
    )
    ^
  File "/home/jeanpier/OTI/sicop-mdsj/backend/venv/lib64/python3.14/site-packages/sqlalchemy/dialects/postgresql/psycopg2.py", line 801, in do_executemany
    cursor.executemany(statement, parameters)
    ~~~~~~~~~~~~~~~~~~^^^^^^^^^^^^^^^^^^^^^^^
psycopg2.errors.StringDataRightTruncation: value too long for type character varying(50)


The above exception was the direct cause of the following exception:

Traceback (most recent call last):
  File "/home/jeanpier/OTI/sicop-mdsj/backend/scripts/seed_dev_mef_manual.py", line 212, in main
    conn.execute(stmt, filas_norm)
    ~~~~~~~~~~~~^^^^^^^^^^^^^^^^^^
  File "/home/jeanpier/OTI/sicop-mdsj/backend/venv/lib64/python3.14/site-packages/sqlalchemy/engine/base.py", line 1421, in execute
    return meth(
        self,
        distilled_parameters,
        execution_options or NO_OPTIONS,
    )
  File "/home/jeanpier/OTI/sicop-mdsj/backend/venv/lib64/python3.14/site-packages/sqlalchemy/sql/elements.py", line 526, in _execute_on_connection
    return connection._execute_clauseelement(
           ~~~~~~~~~~~~~~~~~~~~~~~~~~~~~~~~~^
        self, distilled_params, execution_options
        ^^^^^^^^^^^^^^^^^^^^^^^^^^^^^^^^^^^^^^^^^
    )
    ^
  File "/home/jeanpier/OTI/sicop-mdsj/backend/venv/lib64/python3.14/site-packages/sqlalchemy/engine/base.py", line 1643, in _execute_clauseelement
    ret = self._execute_context(
        dialect,
    ...<8 lines>...
        cache_hit=cache_hit,
    )
  File "/home/jeanpier/OTI/sicop-mdsj/backend/venv/lib64/python3.14/site-packages/sqlalchemy/engine/base.py", line 1848, in _execute_context
    return self._exec_single_context(
           ~~~~~~~~~~~~~~~~~~~~~~~~~^
        dialect, context, statement, parameters
        ^^^^^^^^^^^^^^^^^^^^^^^^^^^^^^^^^^^^^^^
    )
    ^
  File "/home/jeanpier/OTI/sicop-mdsj/backend/venv/lib64/python3.14/site-packages/sqlalchemy/engine/base.py", line 1988, in _exec_single_context
    self._handle_dbapi_exception(
    ~~~~~~~~~~~~~~~~~~~~~~~~~~~~^
        e, str_statement, effective_parameters, cursor, context
        ^^^^^^^^^^^^^^^^^^^^^^^^^^^^^^^^^^^^^^^^^^^^^^^^^^^^^^^
    )
    ^
  File "/home/jeanpier/OTI/sicop-mdsj/backend/venv/lib64/python3.14/site-packages/sqlalchemy/engine/base.py", line 2365, in _handle_dbapi_exception
    raise sqlalchemy_exception.with_traceback(exc_info[2]) from e
  File "/home/jeanpier/OTI/sicop-mdsj/backend/venv/lib64/python3.14/site-packages/sqlalchemy/engine/base.py", line 1938, in _exec_single_context
    self.dialect.do_executemany(
    ~~~~~~~~~~~~~~~~~~~~~~~~~~~^
        cursor,
        ^^^^^^^
    ...<2 lines>...
        context,
        ^^^^^^^^
    )
    ^
  File "/home/jeanpier/OTI/sicop-mdsj/backend/venv/lib64/python3.14/site-packages/sqlalchemy/dialects/postgresql/psycopg2.py", line 801, in do_executemany
    cursor.executemany(statement, parameters)
    ~~~~~~~~~~~~~~~~~~^^^^^^^^^^^^^^^^^^^^^^^
sqlalchemy.exc.DataError: (psycopg2.errors.StringDataRightTruncation) value too long for type character varying(50)

[SQL: INSERT INTO siaf.inversiones (codigo_unico, nombre_inversion, tipo_inversion, marco, estado, situacion, anio_proceso, sec_ejec, avance_fisico, avance_ejecucion, tiene_avan_fisico, pim_anio_actual, dev_anio_actual, deven_acumul_anio_ant, comprom_anual_anio_actual, certif_anio_actual, costo_actualizado, monto_viable, saldo_ejecutar, tiene_f8, etapa_f8, tiene_f9, tiene_f12b, informe_cierre, expediente_tecnico, des_modalidad, des_tipologia, funcion, programa, fec_ini_ejecucion, fec_fin_ejecucion, fec_ini_ejec_fisica, fec_fin_ejec_fisica, fecha_viabilidad, primer_devengado, ultimo_devengado, latitud, longitud, ubigeo, departamento, provincia, distrito, nombre_uei, nombre_uf, nombre_opmi) VALUES (%(codigo_unico)s, %(nombre_inversion)s, %(tipo_inversion)s, %(marco)s, %(estado)s, %(situacion)s, %(anio_proceso)s, %(sec_ejec)s, %(avance_fisico)s, %(avance_ejecucion)s, %(tiene_avan_fisico)s, %(pim_anio_actual)s, %(dev_anio_actual)s, %(deven_acumul_anio_ant)s, %(comprom_anual_anio_actual)s, %(certif_anio_actual)s, %(costo_actualizado)s, %(monto_viable)s, %(saldo_ejecutar)s, %(tiene_f8)s, %(etapa_f8)s, %(tiene_f9)s, %(tiene_f12b)s, %(informe_cierre)s, %(expediente_tecnico)s, %(des_modalidad)s, %(des_tipologia)s, %(funcion)s, %(programa)s, %(fec_ini_ejecucion)s, %(fec_fin_ejecucion)s, %(fec_ini_ejec_fisica)s, %(fec_fin_ejec_fisica)s, %(fecha_viabilidad)s, %(primer_devengado)s, %(ultimo_devengado)s, %(latitud)s, %(longitud)s, %(ubigeo)s, %(departamento)s, %(provincia)s, %(distrito)s, %(nombre_uei)s, %(nombre_uf)s, %(nombre_opmi)s)]
[parameters: [{'codigo_unico': '2508100', 'nombre_inversion': 'MEJORAMIENTO DEL SERVICIO DE TRANSITABILIDAD VEHICULAR Y PEATONAL EN LA APV. CASUARINAS NORTE DEL DISTRITO DE SAN JERONIMO - PROVINCIA DE CUSCO - DEPARTAMENTO DE CUSCO', 'tipo_inversion': 'PROYECTO DE INVERSION', 'marco': 'INVIERTE', 'estado': 'ACTIVO', 'situacion': 'VIABLE', 'anio_proceso': 2026, 'sec_ejec': '300687', 'avance_fisico': 99.03, 'avance_ejecucion': 99.09, 'tiene_avan_fisico': 'SI', 'pim_anio_actual': 0.0, 'dev_anio_actual': 0.0, 'deven_acumul_anio_ant': 1504551.24, 'comprom_anual_anio_actual': None, 'certif_anio_actual': None, 'costo_actualizado': 1542229.42, 'monto_viable': 1300105.29, 'saldo_ejecutar': 37678.18, 'tiene_f8': 'SI', 'etapa_f8': 'Ejecución física (C)', 'tiene_f9': 'SI', 'tiene_f12b': 'SI', 'informe_cierre': 'NO', 'expediente_tecnico': 'SI', 'des_modalidad': 'ADMINISTRACIÓN INDIRECTA - POR CONTRATA', 'des_tipologia': 'VIAS URBANAS', 'funcion': 'TRANSPORTE', 'programa': 'TRANSPORTE URBANO', 'fec_ini_ejecucion': datetime.date(2022, 6, 8), 'fec_fin_ejecucion': datetime.date(2025, 10, 30), 'fec_ini_ejec_fisica': datetime.date(2022, 6, 8), 'fec_fin_ejec_fisica': datetime.date(2022, 12, 31), 'fecha_viabilidad': datetime.date(2020, 12, 30), 'primer_devengado': None, 'ultimo_devengado': None, 'latitud': -13.5460355084377, 'longitud': -71.90931244436297, 'ubigeo': '080104', 'departamento': 'CUSCO', 'provincia': 'CUSCO', 'distrito': 'SAN JERONIMO', 'nombre_uei': 'UEI infraestructura DE LA MUNICIPALIDAD DISTRITAL DE SAN JERONIMO', 'nombre_uf': 'GERENCIA DE PROYECTOS', 'nombre_opmi': 'OPMI DE LA MUNICIPALIDAD DISTRITAL DE SAN JERONIMO'}, {'codigo_unico': '2600520', 'nombre_inversion': 'MEJORAMIENTO DEL SERVICIO DE MOVILIDAD URBANA EN Y SISTEMA DE EVACUACION DE AGUAS PLUVIALES DE LA VIA 3, PROLONGACION VIA 7 Y CALLES 1 2 3 4 5 6 7 DE LA APV HUAYRANCALLE   DISTRITO DE SAN JERONIMO DE LA PROVINCIA DE CUSCO DEL DEPARTAMENTO DE CUSCO', 'tipo_inversion': 'PROYECTO DE INVERSION', 'marco': 'INVIERTE', 'estado': 'ACTIVO', 'situacion': 'VIABLE', 'anio_proceso': 2026, 'sec_ejec': '300687', 'avance_fisico': 99.92, 'avance_ejecucion': 98.03, 'tiene_avan_fisico': 'SI', 'pim_anio_actual': 27554.0, 'dev_anio_actual': 6194.69, 'deven_acumul_anio_ant': 6140743.77, 'comprom_anual_anio_actual': 14294.69, 'certif_anio_actual': 14294.69, 'costo_actualizado': 6236063.79, 'monto_viable': 4069983.63, 'saldo_ejecutar': 150842.39, 'tiene_f8': 'SI', 'etapa_f8': 'Ejecución física (C)', 'tiene_f9': 'SI', 'tiene_f12b': 'SI', 'informe_cierre': 'NO', 'expediente_tecnico': 'SI', 'des_modalidad': 'ADMINISTRACIÓN INDIRECTA - POR CONTRATA', 'des_tipologia': 'VIAS URBANAS', 'funcion': 'TRANSPORTE', 'programa': 'TRANSPORTE URBANO', 'fec_ini_ejecucion': datetime.date(2024, 9, 27), 'fec_fin_ejecucion': datetime.date(2026, 5, 30), 'fec_ini_ejec_fisica': datetime.date(2024, 9, 27), 'fec_fin_ejec_fisica': datetime.date(2025, 5, 22), 'fecha_viabilidad': datetime.date(2023, 7, 12), 'primer_devengado': None, 'ultimo_devengado': None, 'latitud': -13.548137221067885, 'longitud': -71.89870162549977, 'ubigeo': '080104', 'departamento': 'CUSCO', 'provincia': 'CUSCO', 'distrito': 'SAN JERONIMO', 'nombre_uei': 'UEI infraestructura DE LA MUNICIPALIDAD DISTRITAL DE SAN JERONIMO', 'nombre_uf': 'GERENCIA DE PROYECTOS', 'nombre_opmi': 'OPMI DE LA MUNICIPALIDAD DISTRITAL DE SAN JERONIMO'}, {'codigo_unico': '2570690', 'nombre_inversion': 'CREACION DE LAS ÁREAS DE ESPARCIMIENTO EN EL PARQUE DE LA COMUNIDAD CAMPESINA DE HUACCOTO DEL DISTRITO DE SAN JERONIMO - PROVINCIA DE CUSCO - DEPARTAMENTO DE CUSCO', 'tipo_inversion': 'PROYECTO DE INVERSION', 'marco': 'INVIERTE', 'estado': 'ACTIVO', 'situacion': 'VIABLE', 'anio_proceso': 2026, 'sec_ejec': '300687', 'avance_fisico': None, 'avance_ejecucion': 0.0, 'tiene_avan_fisico': 'NO', 'pim_anio_actual': 0.0, 'dev_anio_actual': 0.0, 'deven_acumul_anio_ant': 0.0, 'comprom_anual_anio_actual': 0.0, 'certif_anio_actual': 0.0, 'costo_actualizado': 1010621.57, 'monto_viable': 1010621.57, 'saldo_ejecutar': 1010621.57, 'tiene_f8': 'SI', 'etapa_f8': 'Aprobación de consistencia o modificaciones antes de la aprobación del ET o ET (A)', 'tiene_f9': 'NO', 'tiene_f12b': 'SI', 'informe_cierre': 'NO', 'expediente_tecnico': 'NO', 'des_modalidad': 'ADMINISTRACIÓN DIRECTA', 'des_tipologia': 'ESPACIOS PÚBLICOS VERDES', 'funcion': 'AMBIENTE', 'programa': 'GESTIÓN INTEGRAL DE LA CALIDAD AMBIENTAL', 'fec_ini_ejecucion': datetime.date(2026, 2, 2), 'fec_fin_ejecucion': datetime.date(2027, 1, 15), 'fec_ini_ejec_fisica': datetime.date(2026, 2, 2), 'fec_fin_ejec_fisica': datetime.date(2027, 1, 15), 'fecha_viabilidad': datetime.date(2022, 12, 23), 'primer_devengado': None, 'ultimo_devengado': None, 'latitud': -13.511440025825213, 'longitud': -71.85022512860701, 'ubigeo': '080104', 'departamento': 'CUSCO', 'provincia': 'CUSCO', 'distrito': 'SAN JERONIMO', 'nombre_uei': 'UEI infraestructura DE LA MUNICIPALIDAD DISTRITAL DE SAN JERONIMO', 'nombre_uf': 'GERENCIA DE PROYECTOS', 'nombre_opmi': 'OPMI DE LA MUNICIPALIDAD DISTRITAL DE SAN JERONIMO'}, {'codigo_unico': '2690919', 'nombre_inversion': 'MEJORAMIENTO DEL SERVICIO DE PROVISIÓN DE AGUA PARA RIEGO EN EL SISTEMA DE RIEGO DE LA COMUNIDAD PICOL ORCCONPUJIO   DISTRITO DE SAN JERONIMO DE LA PROVINCIA DE CUSCO DEL DEPARTAMENTO DE CUSCO', 'tipo_inversion': 'PROYECTO DE INVERSION', 'marco': 'INVIERTE', 'estado': 'ACTIVO', 'situacion': 'VIABLE', 'anio_proceso': 2026, 'sec_ejec': '300687', 'avance_fisico': None, 'avance_ejecucion': 0.0, 'tiene_avan_fisico': 'NO', 'pim_anio_actual': 0.0, 'dev_anio_actual': 0.0, 'deven_acumul_anio_ant': 0.0, 'comprom_anual_anio_actual': None, 'certif_anio_actual': None, 'costo_actualizado': 4583714.97, 'monto_viable': 4583714.97, 'saldo_ejecutar': 4583714.97, 'tiene_f8': 'SI', 'etapa_f8': 'Aprobación de consistencia o modificaciones antes de la aprobación del ET o ET (A)', 'tiene_f9': 'NO', 'tiene_f12b': 'SI', 'informe_cierre': 'NO', 'expediente_tecnico': 'NO', 'des_modalidad': 'ADMINISTRACIÓN INDIRECTA - POR CONTRATA', 'des_tipologia': 'INFRAESTRUCTURA DE RIEGO', 'funcion': 'AGROPECUARIA', 'programa': 'RIEGO', 'fec_ini_ejecucion': datetime.date(2026, 2, 2), 'fec_fin_ejecucion': datetime.date(2029, 1, 15), 'fec_ini_ejec_fisica': datetime.date(2026, 2, 2), 'fec_fin_ejec_fisica': datetime.date(2029, 1, 15), 'fecha_viabilidad': datetime.date(2025, 5, 5), 'primer_devengado': None, 'ultimo_devengado': None, 'latitud': -13.510402657479263, 'longitud': -71.86225040498698, 'ubigeo': '080104', 'departamento': 'CUSCO', 'provincia': 'CUSCO', 'distrito': 'SAN JERONIMO', 'nombre_uei': 'UEI infraestructura DE LA MUNICIPALIDAD DISTRITAL DE SAN JERONIMO', 'nombre_uf': 'GERENCIA DE PROYECTOS', 'nombre_opmi': 'OPMI DE LA MUNICIPALIDAD DISTRITAL DE SAN JERONIMO'}, {'codigo_unico': '2596310', 'nombre_inversion': 'CREACION DEL SERVICIO DE PROVISIÓN DE AGUA PARA RIEGO EN EL SECTOR FALCHAYOC-PUCACCASA DE LA ASOCIACION PATAPATA LIRCAY Y PUNAS DE HUACCOTO   DISTRITO DE SAN JERONIMO DE LA PROVINCIA DE CUSCO DEL DEPARTAMENTO DE CUSCO', 'tipo_inversion': 'PROYECTO DE INVERSION', 'marco': 'INVIERTE', 'estado': 'ACTIVO', 'situacion': 'VIABLE', 'anio_proceso': 2026, 'sec_ejec': '300687', 'avance_fisico': 49.17, 'avance_ejecucion': 49.51, 'tiene_avan_fisico': 'SI', 'pim_anio_actual': 1331732.0, 'dev_anio_actual': 819356.33, 'deven_acumul_anio_ant': 358488.52, 'comprom_anual_anio_actual': 918014.32, 'certif_anio_actual': 958846.98, 'costo_actualizado': 1725905.89, 'monto_viable': 1391330.95, 'saldo_ejecutar': 35685.37, 'tiene_f8': 'SI', 'etapa_f8': 'Ejecución física (C)', 'tiene_f9': 'NO', 'tiene_f12b': 'SI', 'informe_cierre': 'NO', 'expediente_tecnico': 'SI', 'des_modalidad': 'ADMINISTRACIÓN DIRECTA', 'des_tipologia': 'INFRAESTRUCTURA DE RIEGO', 'funcion': 'AGROPECUARIA', 'programa': 'RIEGO', 'fec_ini_ejecucion': datetime.date(2025, 8, 11), 'fec_fin_ejecucion': datetime.date(2026, 11, 10), 'fec_ini_ejec_fisica': datetime.date(2025, 11, 24), 'fec_fin_ejec_fisica': datetime.date(2026, 8, 11), 'fecha_viabilidad': datetime.date(2023, 5, 30), 'primer_devengado': None, 'ultimo_devengado': None, 'latitud': -13.524667912076335, 'longitud': -71.8579293662641, 'ubigeo': '080104', 'departamento': 'CUSCO', 'provincia': 'CUSCO', 'distrito': 'SAN JERONIMO', 'nombre_uei': 'UEI infraestructura DE LA MUNICIPALIDAD DISTRITAL DE SAN JERONIMO', 'nombre_uf': 'GERENCIA DE PROYECTOS', 'nombre_opmi': 'OPMI DE LA MUNICIPALIDAD DISTRITAL DE SAN JERONIMO'}, {'codigo_unico': '2671108', 'nombre_inversion': 'MEJORAMIENTO DEL SERVICIO DE EDUCACIÓN INICIAL EN I.E. 1312   DISTRITO DE SAN JERONIMO DE LA PROVINCIA DE CUSCO DEL DEPARTAMENTO DE CUSCO', 'tipo_inversion': 'PROYECTO DE INVERSION', 'marco': 'INVIERTE', 'estado': 'ACTIVO', 'situacion': 'VIABLE', 'anio_proceso': 2026, 'sec_ejec': '300687', 'avance_fisico': None, 'avance_ejecucion': 0.0, 'tiene_avan_fisico': 'NO', 'pim_anio_actual': 0.0, 'dev_anio_actual': 0.0, 'deven_acumul_anio_ant': 0.0, 'comprom_anual_anio_actual': None, 'certif_anio_actual': None, 'costo_actualizado': 2175459.2, 'monto_viable': 2175459.2, 'saldo_ejecutar': 2175459.2, 'tiene_f8': 'SI', 'etapa_f8': 'Aprobación de consistencia o modificaciones antes de la aprobación del ET o ET (A)', 'tiene_f9': 'NO', 'tiene_f12b': 'SI', 'informe_cierre': 'NO', 'expediente_tecnico': 'NO', 'des_modalidad': 'ADMINISTRACIÓN INDIRECTA - POR CONTRATA', 'des_tipologia': 'EDUCACIÓN INICIAL', 'funcion': 'EDUCACIÓN', 'programa': 'EDUCACIÓN BÁSICA', 'fec_ini_ejecucion': datetime.date(2026, 2, 2), 'fec_fin_ejecucion': datetime.date(2027, 1, 15), 'fec_ini_ejec_fisica': datetime.date(2026, 2, 2), 'fec_fin_ejec_fisica': datetime.date(2027, 1, 15), 'fecha_viabilidad': datetime.date(2024, 12, 16), 'primer_devengado': None, 'ultimo_devengado': None, 'latitud': -13.549910417073715, 'longitud': -71.89723469328749, 'ubigeo': '080104', 'departamento': 'CUSCO', 'provincia': 'CUSCO', 'distrito': 'SAN JERONIMO', 'nombre_uei': 'UEI infraestructura DE LA MUNICIPALIDAD DISTRITAL DE SAN JERONIMO', 'nombre_uf': 'GERENCIA DE PROYECTOS', 'nombre_opmi': 'OPMI DE LA MUNICIPALIDAD DISTRITAL DE SAN JERONIMO'}, {'codigo_unico': '2537645', 'nombre_inversion': 'CREACION DEL SERVICIO DE MOVILIDAD URBANA EN LAS VÍAS LOCALES DE CALLE ANDRÉS AVELINO CÁCERES, CALLE VICTORIA, CALLE SOL NACIENTE, CALLE UNIÓN, PSJ. LOS NOGALES, PSJ. RETAMALES, PSJ. S/N DE LA APV ALLPAORCCONA DEL DISTRITO DE SAN JERONIMO - PROVINCIA DE CUSCO - DEPARTAMENTO DE CUSCO', 'tipo_inversion': 'PROYECTO DE INVERSION', 'marco': 'INVIERTE', 'estado': 'ACTIVO', 'situacion': 'VIABLE', 'anio_proceso': 2026, 'sec_ejec': '300687', 'avance_fisico': 100.0, 'avance_ejecucion': 99.49, 'tiene_avan_fisico': 'SI', 'pim_anio_actual': 39230.0, 'dev_anio_actual': 0.0, 'deven_acumul_anio_ant': 2364779.67, 'comprom_anual_anio_actual': 0.0, 'certif_anio_actual': 0.0, 'costo_actualizado': 2489854.67, 'monto_viable': 1446804.6, 'saldo_ejecutar': 85845.0, 'tiene_f8': 'SI', 'etapa_f8': 'Ejecución física (C)', 'tiene_f9': 'SI', 'tiene_f12b': 'SI', 'informe_cierre': 'NO', 'expediente_tecnico': 'SI', 'des_modalidad': 'ADMINISTRACIÓN DIRECTA', 'des_tipologia': 'VIAS URBANAS', 'funcion': 'TRANSPORTE', 'programa': 'TRANSPORTE URBANO', 'fec_ini_ejecucion': datetime.date(2023, 11, 9), 'fec_fin_ejecucion': datetime.date(2026, 8, 31), 'fec_ini_ejec_fisica': datetime.date(2023, 11, 9), 'fec_fin_ejec_fisica': datetime.date(2024, 12, 30), 'fecha_viabilidad': datetime.date(2021, 12, 17), 'primer_devengado': None, 'ultimo_devengado': None, 'latitud': -13.541245322783192, 'longitud': -71.88890922775312, 'ubigeo': '080104', 'departamento': 'CUSCO', 'provincia': 'CUSCO', 'distrito': 'SAN JERONIMO', 'nombre_uei': 'UEI infraestructura DE LA MUNICIPALIDAD DISTRITAL DE SAN JERONIMO', 'nombre_uf': 'GERENCIA DE PROYECTOS', 'nombre_opmi': 'OPMI DE LA MUNICIPALIDAD DISTRITAL DE SAN JERONIMO'}, {'codigo_unico': '2379725', 'nombre_inversion': 'MEJORAMIENTO DEL SERVICIO DE SEGURIDAD CIUDADANA EN EL DISTRITO DE SAN JERÓNIMO ¿ CUSCO ¿ CUSCO', 'tipo_inversion': 'PROYECTO DE INVERSION', 'marco': 'INVIERTE', 'estado': 'ACTIVO', 'situacion': 'VIABLE', 'anio_proceso': 2026, 'sec_ejec': '300687', 'avance_fisico': None, 'avance_ejecucion': None, 'tiene_avan_fisico': 'NO', 'pim_anio_actual': 0.0, 'dev_anio_actual': 0.0, 'deven_acumul_anio_ant': 0.0, 'comprom_anual_anio_actual': None, 'certif_anio_actual': None, 'costo_actualizado': 6859299.35, 'monto_viable': 6069315.65, 'saldo_ejecutar': 6859299.35, 'tiene_f8': 'SI', 'etapa_f8': 'Expediente técnico (B)', 'tiene_f9': 'NO', 'tiene_f12b': 'NO', 'informe_cierre': 'NO', 'expediente_tecnico': 'NO', 'des_modalidad': None, 'des_tipologia': None, 'funcion': 'ORDEN PÚBLICO Y SEGURIDAD', 'programa': 'ORDEN INTERNO', 'fec_ini_ejecucion': None, 'fec_fin_ejecucion': None, 'fec_ini_ejec_fisica': None, 'fec_fin_ejec_fisica': None, 'fecha_viabilidad': datetime.date(2017, 8, 10), 'primer_devengado': None, 'ultimo_devengado': None, 'latitud': 0.0, 'longitud': 0.0, 'ubigeo': '080104', 'departamento': 'CUSCO', 'provincia': 'CUSCO', 'distrito': 'SAN JERONIMO', 'nombre_uei': 'UEI DESARROLLO ECONÓMICO LOCAL DE LA MUNICIPALIDAD DISTRITAL DE SAN JERONIMO', 'nombre_uf': 'GERENCIA DE PROYECTOS', 'nombre_opmi': 'OPMI DE LA MUNICIPALIDAD DISTRITAL DE SAN JERONIMO'}  ... displaying 10 of 74 total bound parameter sets ...  {'codigo_unico': '2489330', 'nombre_inversion': 'MEJORAMIENTO Y AMPLIACION DEL SERVICIO DE AGUA POTABLE Y ALCANTARILLADO EN LOS SECTORES DE MOSQUETAYOC, WIRACOCHAN 2, CARDUNCANCHA, CHAHUANCCOSCCO, P ... (65 characters truncated) ... UINTAPATA DE LA COMUNIDAD CAMPESINA DE CCOLLANA CHAHUANCCOSCCO Y KALLAMPATA DEL DISTRITO DE SAN JERONIMO - PROVINCIA DE CUSCO - DEPARTAMENTO DE CUSCO', 'tipo_inversion': 'PROYECTO DE INVERSION', 'marco': 'INVIERTE', 'estado': 'ACTIVO', 'situacion': 'VIABLE', 'anio_proceso': 2026, 'sec_ejec': '300687', 'avance_fisico': 94.01, 'avance_ejecucion': 93.95, 'tiene_avan_fisico': 'SI', 'pim_anio_actual': 1263532.0, 'dev_anio_actual': 550513.76, 'deven_acumul_anio_ant': 9392278.47, 'comprom_anual_anio_actual': 832562.6, 'certif_anio_actual': 976784.71, 'costo_actualizado': 10872193.62, 'monto_viable': 3682847.34, 'saldo_ejecutar': 216383.15, 'tiene_f8': 'SI', 'etapa_f8': 'Ejecución física (C)', 'tiene_f9': 'NO', 'tiene_f12b': 'SI', 'informe_cierre': 'NO', 'expediente_tecnico': 'SI', 'des_modalidad': 'ADMINISTRACIÓN DIRECTA', 'des_tipologia': 'SISTEMA DE SANEAMIENTO URBANO', 'funcion': 'SANEAMIENTO', 'programa': 'SANEAMIENTO', 'fec_ini_ejecucion': datetime.date(2020, 12, 2), 'fec_fin_ejecucion': datetime.date(2026, 8, 31), 'fec_ini_ejec_fisica': datetime.date(2020, 12, 11), 'fec_fin_ejec_fisica': datetime.date(2026, 5, 30), 'fecha_viabilidad': datetime.date(2020, 6, 18), 'primer_devengado': None, 'ultimo_devengado': None, 'latitud': -13.546721300170022, 'longitud': -71.86672925660385, 'ubigeo': '080104', 'departamento': 'CUSCO', 'provincia': 'CUSCO', 'distrito': 'SAN JERONIMO', 'nombre_uei': 'UEI GERENCIA REGIONAL DE VIVIENDA, CONSTRUCCION Y SANEAMIENTO', 'nombre_uf': 'UNIDAD FORMULADORA REGIONAL DE INVERSIONES - UFRI', 'nombre_opmi': 'OPMI DEL GOBIERNO REGIONAL CUSCO'}, {'codigo_unico': '2667783', 'nombre_inversion': 'CONSTRUCCION DE GALERIA FILTRANTE EN EL(LA) GALERIAS FILTRANTES MARASHUAYCO  DISTRITO DE SAN JERONIMO, PROVINCIA CUSCO, DEPARTAMENTO CUSCO', 'tipo_inversion': 'INVERSIONES IOARR', 'marco': 'INVIERTE', 'estado': 'ACTIVO', 'situacion': 'APROBADO', 'anio_proceso': 2026, 'sec_ejec': '300687', 'avance_fisico': None, 'avance_ejecucion': 0.0, 'tiene_avan_fisico': 'NO', 'pim_anio_actual': 0.0, 'dev_anio_actual': 0.0, 'deven_acumul_anio_ant': 0.0, 'comprom_anual_anio_actual': None, 'certif_anio_actual': None, 'costo_actualizado': 5985543.288, 'monto_viable': 5988536.06, 'saldo_ejecutar': 5988536.06, 'tiene_f8': 'SI', 'etapa_f8': 'Ejecución física (C)', 'tiene_f9': 'NO', 'tiene_f12b': 'SI', 'informe_cierre': 'NO', 'expediente_tecnico': 'SI', 'des_modalidad': 'ADMINISTRACIÓN DIRECTA,ADMINISTRACIÓN INDIRECTA - POR CONTRATA', 'des_tipologia': 'SISTEMA DE SANEAMIENTO URBANO', 'funcion': 'SANEAMIENTO', 'programa': 'SANEAMIENTO', 'fec_ini_ejecucion': datetime.date(2025, 6, 2), 'fec_fin_ejecucion': datetime.date(2026, 3, 2), 'fec_ini_ejec_fisica': datetime.date(2025, 6, 2), 'fec_fin_ejec_fisica': datetime.date(2026, 3, 2), 'fecha_viabilidad': datetime.date(2024, 12, 3), 'primer_devengado': None, 'ultimo_devengado': None, 'latitud': -13.525977038910645, 'longitud': -71.8825654560657, 'ubigeo': '080104', 'departamento': 'CUSCO', 'provincia': 'CUSCO', 'distrito': 'SAN JERONIMO', 'nombre_uei': 'UEI MEDIO AMBIENTE Y SANEAMIENTO DE LA MUNICIPALIDAD DISTRITAL DE SAN JERONIMO', 'nombre_uf': 'GERENCIA DE PROYECTOS', 'nombre_opmi': 'OPMI DE LA MUNICIPALIDAD DISTRITAL DE SAN JERONIMO'}]]
(Background on this error at: https://sqlalche.me/e/20/9h9h)
